<?xml version="1.0" encoding="UTF-8"?>
<testng-results skipped="0" failed="1" total="5" passed="4">
  <reporter-output>
  </reporter-output>
  <suite name="Framework TestSuite " duration-ms="44819" started-at="2018-05-29T14:34:12Z" finished-at="2018-05-29T14:34:57Z">
    <groups>
    </groups>
    <test name="API Test" duration-ms="44819" started-at="2018-05-29T14:34:12Z" finished-at="2018-05-29T14:34:57Z">
      <class name="com.execui.qa.testcases.LoginPageTest">
        <test-method status="PASS" signature="setUp()[pri:0, instance:com.execui.qa.testcases.LoginPageTest@59ec2012]" name="setUp" is-config="true" duration-ms="7672" started-at="2018-05-29T20:04:12Z" finished-at="2018-05-29T20:04:20Z">
          <reporter-output>
          </reporter-output>
        </test-method> <!-- setUp -->
        <test-method status="PASS" signature="loginPageTitleTest()[pri:0, instance:com.execui.qa.testcases.LoginPageTest@59ec2012]" name="loginPageTitleTest" duration-ms="32" started-at="2018-05-29T20:04:20Z" finished-at="2018-05-29T20:04:20Z">
          <reporter-output>
          </reporter-output>
        </test-method> <!-- loginPageTitleTest -->
        <test-method status="PASS" signature="testDown()[pri:0, instance:com.execui.qa.testcases.LoginPageTest@59ec2012]" name="testDown" is-config="true" duration-ms="920" started-at="2018-05-29T20:04:20Z" finished-at="2018-05-29T20:04:21Z">
          <reporter-output>
          </reporter-output>
        </test-method> <!-- testDown -->
        <test-method status="PASS" signature="setUp()[pri:0, instance:com.execui.qa.testcases.LoginPageTest@59ec2012]" name="setUp" is-config="true" duration-ms="6500" started-at="2018-05-29T20:04:21Z" finished-at="2018-05-29T20:04:28Z">
          <reporter-output>
          </reporter-output>
        </test-method> <!-- setUp -->
        <test-method status="PASS" signature="swggerLogoImageTest()[pri:0, instance:com.execui.qa.testcases.LoginPageTest@59ec2012]" name="swggerLogoImageTest" duration-ms="54" started-at="2018-05-29T20:04:28Z" finished-at="2018-05-29T20:04:28Z">
          <reporter-output>
          </reporter-output>
        </test-method> <!-- swggerLogoImageTest -->
        <test-method status="PASS" signature="testDown()[pri:0, instance:com.execui.qa.testcases.LoginPageTest@59ec2012]" name="testDown" is-config="true" duration-ms="910" started-at="2018-05-29T20:04:28Z" finished-at="2018-05-29T20:04:29Z">
          <reporter-output>
          </reporter-output>
        </test-method> <!-- testDown -->
        <test-method status="PASS" signature="setUp()[pri:0, instance:com.execui.qa.testcases.LoginPageTest@59ec2012]" name="setUp" is-config="true" duration-ms="6649" started-at="2018-05-29T20:04:29Z" finished-at="2018-05-29T20:04:35Z">
          <reporter-output>
          </reporter-output>
        </test-method> <!-- setUp -->
        <test-method status="PASS" signature="loginTest()[pri:0, instance:com.execui.qa.testcases.LoginPageTest@59ec2012]" name="loginTest" duration-ms="1728" started-at="2018-05-29T20:04:35Z" finished-at="2018-05-29T20:04:37Z">
          <reporter-output>
          </reporter-output>
        </test-method> <!-- loginTest -->
        <test-method status="PASS" signature="testDown()[pri:0, instance:com.execui.qa.testcases.LoginPageTest@59ec2012]" name="testDown" is-config="true" duration-ms="926" started-at="2018-05-29T20:04:37Z" finished-at="2018-05-29T20:04:38Z">
          <reporter-output>
          </reporter-output>
        </test-method> <!-- testDown -->
      </class> <!-- com.execui.qa.testcases.LoginPageTest -->
      <class name="com.execui.qa.testcases.HomePageTest">
        <test-method status="PASS" signature="setUp()[pri:0, instance:com.execui.qa.testcases.HomePageTest@239963d8]" name="setUp" is-config="true" duration-ms="8302" started-at="2018-05-29T20:04:38Z" finished-at="2018-05-29T20:04:46Z">
          <reporter-output>
          </reporter-output>
        </test-method> <!-- setUp -->
        <test-method status="FAIL" signature="verifyHomePageContentDesc()[pri:0, instance:com.execui.qa.testcases.HomePageTest@239963d8]" name="verifyHomePageContentDesc" duration-ms="452" started-at="2018-05-29T20:04:46Z" finished-at="2018-05-29T20:04:47Z">
          <exception class="org.openqa.selenium.StaleElementReferenceException">
            <message>
              <![CDATA[stale element reference: element is not attached to the page document
  (Session info: chrome=66.0.3359.181)
  (Driver info: chromedriver=2.35.528161 (5b82f2d2aae0ca24b877009200ced9065a772e73),platform=Windows NT 10.0.16299 x86_64) (WARNING: The server did not provide any stacktrace information)
Command duration or timeout: 0 milliseconds
For documentation on this error, please visit: http://seleniumhq.org/exceptions/stale_element_reference.html
Build info: version: '3.8.1', revision: '6e95a6684b', time: '2017-12-01T18:33:54.468Z'
System info: host: 'LPO-DHAVAL', ip: '192.168.9.114', os.name: 'Windows 10', os.arch: 'amd64', os.version: '10.0', java.version: '1.8.0_171'
Driver info: org.openqa.selenium.chrome.ChromeDriver
Capabilities {acceptInsecureCerts: false, acceptSslCerts: false, applicationCacheEnabled: false, browserConnectionEnabled: false, browserName: chrome, chrome: {chromedriverVersion: 2.35.528161 (5b82f2d2aae0ca..., userDataDir: C:\Users\DHAVAL~1.ATR\AppDa...}, cssSelectorsEnabled: true, databaseEnabled: false, handlesAlerts: true, hasTouchScreen: false, javascriptEnabled: true, locationContextEnabled: true, mobileEmulationEnabled: false, nativeEvents: true, networkConnectionEnabled: false, pageLoadStrategy: normal, platform: XP, platformName: XP, rotatable: false, setWindowRect: true, takesHeapSnapshot: true, takesScreenshot: true, unexpectedAlertBehaviour: , unhandledPromptBehavior: , version: 66.0.3359.181, webStorageEnabled: true}
Session ID: ad02cda6c074fcd2fe4815e4b529f4e5]]>
            </message>
            <full-stacktrace>
              <![CDATA[org.openqa.selenium.StaleElementReferenceException: stale element reference: element is not attached to the page document
  (Session info: chrome=66.0.3359.181)
  (Driver info: chromedriver=2.35.528161 (5b82f2d2aae0ca24b877009200ced9065a772e73),platform=Windows NT 10.0.16299 x86_64) (WARNING: The server did not provide any stacktrace information)
Command duration or timeout: 0 milliseconds
For documentation on this error, please visit: http://seleniumhq.org/exceptions/stale_element_reference.html
Build info: version: '3.8.1', revision: '6e95a6684b', time: '2017-12-01T18:33:54.468Z'
System info: host: 'LPO-DHAVAL', ip: '192.168.9.114', os.name: 'Windows 10', os.arch: 'amd64', os.version: '10.0', java.version: '1.8.0_171'
Driver info: org.openqa.selenium.chrome.ChromeDriver
Capabilities {acceptInsecureCerts: false, acceptSslCerts: false, applicationCacheEnabled: false, browserConnectionEnabled: false, browserName: chrome, chrome: {chromedriverVersion: 2.35.528161 (5b82f2d2aae0ca..., userDataDir: C:\Users\DHAVAL~1.ATR\AppDa...}, cssSelectorsEnabled: true, databaseEnabled: false, handlesAlerts: true, hasTouchScreen: false, javascriptEnabled: true, locationContextEnabled: true, mobileEmulationEnabled: false, nativeEvents: true, networkConnectionEnabled: false, pageLoadStrategy: normal, platform: XP, platformName: XP, rotatable: false, setWindowRect: true, takesHeapSnapshot: true, takesScreenshot: true, unexpectedAlertBehaviour: , unhandledPromptBehavior: , version: 66.0.3359.181, webStorageEnabled: true}
Session ID: ad02cda6c074fcd2fe4815e4b529f4e5
	at sun.reflect.NativeConstructorAccessorImpl.newInstance0(Native Method)
	at sun.reflect.NativeConstructorAccessorImpl.newInstance(Unknown Source)
	at sun.reflect.DelegatingConstructorAccessorImpl.newInstance(Unknown Source)
	at java.lang.reflect.Constructor.newInstance(Unknown Source)
	at org.openqa.selenium.remote.ErrorHandler.createThrowable(ErrorHandler.java:214)
	at org.openqa.selenium.remote.ErrorHandler.throwIfResponseFailed(ErrorHandler.java:166)
	at org.openqa.selenium.remote.http.JsonHttpResponseCodec.reconstructValue(JsonHttpResponseCodec.java:40)
	at org.openqa.selenium.remote.http.AbstractHttpResponseCodec.decode(AbstractHttpResponseCodec.java:80)
	at org.openqa.selenium.remote.http.AbstractHttpResponseCodec.decode(AbstractHttpResponseCodec.java:44)
	at org.openqa.selenium.remote.HttpCommandExecutor.execute(HttpCommandExecutor.java:164)
	at org.openqa.selenium.remote.service.DriverCommandExecutor.execute(DriverCommandExecutor.java:83)
	at org.openqa.selenium.remote.RemoteWebDriver.execute(RemoteWebDriver.java:601)
	at org.openqa.selenium.remote.RemoteWebElement.execute(RemoteWebElement.java:279)
	at org.openqa.selenium.remote.RemoteWebElement.getText(RemoteWebElement.java:160)
	at sun.reflect.NativeMethodAccessorImpl.invoke0(Native Method)
	at sun.reflect.NativeMethodAccessorImpl.invoke(Unknown Source)
	at sun.reflect.DelegatingMethodAccessorImpl.invoke(Unknown Source)
	at java.lang.reflect.Method.invoke(Unknown Source)
	at org.openqa.selenium.support.pagefactory.internal.LocatingElementHandler.invoke(LocatingElementHandler.java:51)
	at com.sun.proxy.$Proxy9.getText(Unknown Source)
	at com.execui.qa.pages.HomePage.verifyContentDesc(HomePage.java:34)
	at com.execui.qa.testcases.HomePageTest.verifyHomePageContentDesc(HomePageTest.java:41)
	at sun.reflect.NativeMethodAccessorImpl.invoke0(Native Method)
	at sun.reflect.NativeMethodAccessorImpl.invoke(Unknown Source)
	at sun.reflect.DelegatingMethodAccessorImpl.invoke(Unknown Source)
	at java.lang.reflect.Method.invoke(Unknown Source)
	at org.testng.internal.MethodInvocationHelper.invokeMethod(MethodInvocationHelper.java:80)
	at org.testng.internal.Invoker.invokeMethod(Invoker.java:714)
	at org.testng.internal.Invoker.invokeTestMethod(Invoker.java:901)
	at org.testng.internal.Invoker.invokeTestMethods(Invoker.java:1231)
	at org.testng.internal.TestMethodWorker.invokeTestMethods(TestMethodWorker.java:127)
	at org.testng.internal.TestMethodWorker.run(TestMethodWorker.java:111)
	at org.testng.TestRunner.privateRun(TestRunner.java:767)
	at org.testng.TestRunner.run(TestRunner.java:617)
	at org.testng.SuiteRunner.runTest(SuiteRunner.java:334)
	at org.testng.SuiteRunner.runSequentially(SuiteRunner.java:329)
	at org.testng.SuiteRunner.privateRun(SuiteRunner.java:291)
	at org.testng.SuiteRunner.run(SuiteRunner.java:240)
	at org.testng.SuiteRunnerWorker.runSuite(SuiteRunnerWorker.java:52)
	at org.testng.SuiteRunnerWorker.run(SuiteRunnerWorker.java:86)
	at org.testng.TestNG.runSuitesSequentially(TestNG.java:1198)
	at org.testng.TestNG.runSuitesLocally(TestNG.java:1123)
	at org.testng.TestNG.run(TestNG.java:1031)
	at org.testng.remote.AbstractRemoteTestNG.run(AbstractRemoteTestNG.java:132)
	at org.testng.remote.RemoteTestNG.initAndRun(RemoteTestNG.java:230)
	at org.testng.remote.RemoteTestNG.main(RemoteTestNG.java:76)
]]>
            </full-stacktrace>
          </exception> <!-- org.openqa.selenium.StaleElementReferenceException -->
          <reporter-output>
          </reporter-output>
        </test-method> <!-- verifyHomePageContentDesc -->
        <test-method status="PASS" signature="testDown()[pri:0, instance:com.execui.qa.testcases.HomePageTest@239963d8]" name="testDown" is-config="true" duration-ms="942" started-at="2018-05-29T20:04:47Z" finished-at="2018-05-29T20:04:48Z">
          <reporter-output>
          </reporter-output>
        </test-method> <!-- testDown -->
        <test-method status="PASS" signature="setUp()[pri:0, instance:com.execui.qa.testcases.HomePageTest@239963d8]" name="setUp" is-config="true" duration-ms="8406" started-at="2018-05-29T20:04:48Z" finished-at="2018-05-29T20:04:56Z">
          <reporter-output>
          </reporter-output>
        </test-method> <!-- setUp -->
        <test-method status="PASS" signature="verifyHomePageMainLable()[pri:0, instance:com.execui.qa.testcases.HomePageTest@239963d8]" name="verifyHomePageMainLable" duration-ms="396" started-at="2018-05-29T20:04:56Z" finished-at="2018-05-29T20:04:56Z">
          <reporter-output>
          </reporter-output>
        </test-method> <!-- verifyHomePageMainLable -->
        <test-method status="PASS" signature="testDown()[pri:0, instance:com.execui.qa.testcases.HomePageTest@239963d8]" name="testDown" is-config="true" duration-ms="899" started-at="2018-05-29T20:04:56Z" finished-at="2018-05-29T20:04:57Z">
          <reporter-output>
          </reporter-output>
        </test-method> <!-- testDown -->
      </class> <!-- com.execui.qa.testcases.HomePageTest -->
    </test> <!-- API Test -->
  </suite> <!-- Framework TestSuite  -->
</testng-results>
