<?xml version="1.0" encoding="UTF-8"?>
<!-- Generated by org.testng.reporters.JUnitXMLReporter -->
<testsuite hostname="LPO-DHAVAL" name="Default test" tests="3" failures="0" timestamp="29 May 2018 14:09:51 GMT" time="24.032" errors="0">
  <testcase name="loginPageTitleTest" time="0.027" classname="com.execui.qa.testcases.LoginPageTest"/>
  <testcase name="swggerLogoImageTest" time="0.052" classname="com.execui.qa.testcases.LoginPageTest"/>
  <testcase name="loginTest" time="1.756" classname="com.execui.qa.testcases.LoginPageTest"/>
</testsuite> <!-- Default test -->
